<?xml version="1.0" encoding="UTF-8"?>
<!-- Generated by org.testng.reporters.JUnitReportReporter -->
<testsuite skipped="0" hostname="MININT-F9QT6ID" name="FreeNow_APIAutomation.FreeNow_APIAutomation.TestScript" tests="10" failures="0" timestamp="2020-02-12T22:07:20 IST" time="53.302" errors="0">
  <testcase name="TestCase8" time="11.049" classname="FreeNow_APIAutomation.FreeNow_APIAutomation.TestScript"/>
  <testcase name="TestCase6" time="3.448" classname="FreeNow_APIAutomation.FreeNow_APIAutomation.TestScript"/>
  <testcase name="TestCase2" time="5.963" classname="FreeNow_APIAutomation.FreeNow_APIAutomation.TestScript"/>
  <testcase name="TestCase1" time="12.474" classname="FreeNow_APIAutomation.FreeNow_APIAutomation.TestScript"/>
  <testcase name="TestCase3" time="3.855" classname="FreeNow_APIAutomation.FreeNow_APIAutomation.TestScript"/>
  <testcase name="TestCase7" time="3.951" classname="FreeNow_APIAutomation.FreeNow_APIAutomation.TestScript"/>
  <testcase name="TestCase9" time="2.920" classname="FreeNow_APIAutomation.FreeNow_APIAutomation.TestScript"/>
  <testcase name="TestCase4" time="2.819" classname="FreeNow_APIAutomation.FreeNow_APIAutomation.TestScript"/>
  <testcase name="TestCase10" time="3.787" classname="FreeNow_APIAutomation.FreeNow_APIAutomation.TestScript"/>
  <testcase name="TestCase5" time="3.036" classname="FreeNow_APIAutomation.FreeNow_APIAutomation.TestScript"/>
</testsuite> <!-- FreeNow_APIAutomation.FreeNow_APIAutomation.TestScript -->
